<?xml version="1.0" encoding="UTF-8"?>
<coverage generated="1733662547709" clover="3.2.0">
  <project timestamp="1733662547709" name="All files">
    <metrics statements="50" coveredstatements="50" conditionals="26" coveredconditionals="26" methods="6" coveredmethods="6" elements="82" coveredelements="82" complexity="0" loc="50" ncloc="50" packages="1" files="3" classes="3"/>
    <file name="coffeeMachine.js" path="/home/faisalnaveed/Projects/BrainRocket/coffeeMachine.js">
      <metrics statements="16" coveredstatements="16" conditionals="8" coveredconditionals="8" methods="4" coveredmethods="4"/>
      <line num="4" count="9" type="stmt"/>
      <line num="12" count="9" type="stmt"/>
      <line num="14" count="9" type="cond" truecount="2" falsecount="0"/>
      <line num="15" count="1" type="stmt"/>
      <line num="18" count="8" type="stmt"/>
      <line num="20" count="8" type="stmt"/>
      <line num="21" count="17" type="stmt"/>
      <line num="22" count="17" type="cond" truecount="4" falsecount="0"/>
      <line num="23" count="1" type="stmt"/>
      <line num="30" count="15" type="stmt"/>
      <line num="33" count="15" type="stmt"/>
      <line num="38" count="7" type="cond" truecount="2" falsecount="0"/>
      <line num="39" count="1" type="stmt"/>
      <line num="43" count="6" type="stmt"/>
      <line num="45" count="6" type="stmt"/>
      <line num="49" count="1" type="stmt"/>
    </file>
    <file name="fibonacci.js" path="/home/faisalnaveed/Projects/BrainRocket/fibonacci.js">
      <metrics statements="20" coveredstatements="20" conditionals="10" coveredconditionals="10" methods="1" coveredmethods="1"/>
      <line num="4" count="11" type="cond" truecount="2" falsecount="0"/>
      <line num="5" count="1" type="stmt"/>
      <line num="7" count="10" type="cond" truecount="4" falsecount="0"/>
      <line num="8" count="3" type="stmt"/>
      <line num="10" count="7" type="stmt"/>
      <line num="11" count="7" type="stmt"/>
      <line num="13" count="7" type="stmt"/>
      <line num="15" count="7" type="cond" truecount="2" falsecount="0"/>
      <line num="16" count="1" type="stmt"/>
      <line num="17" count="1" type="stmt"/>
      <line num="18" count="6" type="cond" truecount="2" falsecount="0"/>
      <line num="20" count="5" type="stmt"/>
      <line num="21" count="5" type="stmt"/>
      <line num="22" count="5" type="stmt"/>
      <line num="23" count="19" type="stmt"/>
      <line num="24" count="19" type="stmt"/>
      <line num="25" count="19" type="stmt"/>
      <line num="26" count="19" type="stmt"/>
      <line num="30" count="7" type="stmt"/>
      <line num="35" count="1" type="stmt"/>
    </file>
    <file name="longestAscendingSubsequence.js" path="/home/faisalnaveed/Projects/BrainRocket/longestAscendingSubsequence.js">
      <metrics statements="14" coveredstatements="14" conditionals="8" coveredconditionals="8" methods="1" coveredmethods="1"/>
      <line num="6" count="10" type="cond" truecount="2" falsecount="0"/>
      <line num="8" count="1" type="stmt"/>
      <line num="11" count="9" type="cond" truecount="2" falsecount="0"/>
      <line num="13" count="1" type="stmt"/>
      <line num="18" count="8" type="stmt"/>
      <line num="19" count="8" type="stmt"/>
      <line num="20" count="8" type="stmt"/>
      <line num="22" count="29" type="cond" truecount="2" falsecount="0"/>
      <line num="23" count="18" type="stmt"/>
      <line num="25" count="11" type="stmt"/>
      <line num="28" count="29" type="cond" truecount="2" falsecount="0"/>
      <line num="29" count="18" type="stmt"/>
      <line num="33" count="8" type="stmt"/>
      <line num="36" count="1" type="stmt"/>
    </file>
  </project>
</coverage>
