TN:
SF:coffeeMachine.js
FN:1,coffeeMachine
FN:20,(anonymous_1)
FN:30,(anonymous_2)
FN:33,(anonymous_3)
FNF:4
FNH:4
FNDA:9,coffeeMachine
FNDA:17,(anonymous_1)
FNDA:15,(anonymous_2)
FNDA:15,(anonymous_3)
DA:4,9
DA:12,9
DA:14,9
DA:15,1
DA:18,8
DA:20,8
DA:21,17
DA:22,17
DA:23,1
DA:30,15
DA:33,15
DA:38,7
DA:39,1
DA:43,6
DA:45,6
DA:49,1
LF:16
LH:16
BRDA:14,0,0,1
BRDA:14,0,1,8
BRDA:22,1,0,1
BRDA:22,1,1,16
BRDA:22,2,0,17
BRDA:22,2,1,1
BRDA:38,3,0,1
BRDA:38,3,1,6
BRF:8
BRH:8
end_of_record
TN:
SF:fibonacci.js
FN:1,fibonacci
FNF:1
FNH:1
FNDA:11,fibonacci
DA:4,11
DA:5,1
DA:7,10
DA:8,3
DA:10,7
DA:11,7
DA:13,7
DA:15,7
DA:16,1
DA:17,1
DA:18,6
DA:20,5
DA:21,5
DA:22,5
DA:23,19
DA:24,19
DA:25,19
DA:26,19
DA:30,7
DA:35,1
LF:20
LH:20
BRDA:4,0,0,1
BRDA:4,0,1,10
BRDA:7,1,0,3
BRDA:7,1,1,7
BRDA:7,2,0,10
BRDA:7,2,1,9
BRDA:15,3,0,1
BRDA:15,3,1,6
BRDA:18,4,0,5
BRDA:18,4,1,1
BRF:10
BRH:10
end_of_record
TN:
SF:longestAscendingSubsequence.js
FN:4,longestAscendingSubsequence
FNF:1
FNH:1
FNDA:10,longestAscendingSubsequence
DA:6,10
DA:8,1
DA:11,9
DA:13,1
DA:18,8
DA:19,8
DA:20,8
DA:22,29
DA:23,18
DA:25,11
DA:28,29
DA:29,18
DA:33,8
DA:36,1
LF:14
LH:14
BRDA:6,0,0,1
BRDA:6,0,1,9
BRDA:11,1,0,1
BRDA:11,1,1,8
BRDA:22,2,0,18
BRDA:22,2,1,11
BRDA:28,3,0,18
BRDA:28,3,1,11
BRF:8
BRH:8
end_of_record
